<?xml version="1.0" encoding="utf-8"?><testsuites name="pytest tests"><testsuite name="pytest" errors="0" failures="0" skipped="0" tests="20" time="0.070" timestamp="2026-01-21T14:49:55.148780-08:00" hostname="rmech-N85-N87HCHNHZ"><testcase classname="test_math_utils" name="test_add[2-3-5]" time="0.001" /><testcase classname="test_math_utils" name="test_add[0-0-0]" time="0.001" /><testcase classname="test_math_utils" name="test_add[-2--5--7]" time="0.001" /><testcase classname="test_math_utils" name="test_add[-3-7-4]" time="0.001" /><testcase classname="test_math_utils" name="test_add[999999-1-1000000]" time="0.001" /><testcase classname="test_math_utils" name="test_subtract[10-4-6]" time="0.001" /><testcase classname="test_math_utils" name="test_subtract[0-0-0]" time="0.001" /><testcase classname="test_math_utils" name="test_subtract[3-8--5]" time="0.001" /><testcase classname="test_math_utils" name="test_subtract[-5--2--3]" time="0.001" /><testcase classname="test_math_utils" name="test_subtract[-5-2--7]" time="0.001" /><testcase classname="test_math_utils" name="test_multiply[4-5-20]" time="0.001" /><testcase classname="test_math_utils" name="test_multiply[10-0-0]" time="0.001" /><testcase classname="test_math_utils" name="test_multiply[0-999-0]" time="0.001" /><testcase classname="test_math_utils" name="test_multiply[-3-6--18]" time="0.001" /><testcase classname="test_math_utils" name="test_multiply[-3--6-18]" time="0.001" /><testcase classname="test_math_utils" name="test_divide_valid[10-2-5.0]" time="0.001" /><testcase classname="test_math_utils" name="test_divide_valid[7-2-3.5]" time="0.001" /><testcase classname="test_math_utils" name="test_divide_valid[-9-3--3.0]" time="0.001" /><testcase classname="test_math_utils" name="test_divide_valid[0-5-0.0]" time="0.001" /><testcase classname="test_math_utils" name="test_divide_by_zero_returns_negative_one" time="0.001" /></testsuite></testsuites>